<?xml version="1.0" encoding="UTF-8"?>
<testng-results ignored="0" total="10" passed="10" failed="0" skipped="0">
  <reporter-output>
    <line>
      <![CDATA[Setting up reports and Test is getting ready]]>
    </line>
    <line>
      <![CDATA[Setting done and Test can be started]]>
    </line>
    <line>
      <![CDATA[Trying to start browser and getting application ready]]>
    </line>
    <line>
      <![CDATA[Browser and Appplication is up and running]]>
    </line>
    <line>
      <![CDATA[Test is about to end]]>
    </line>
    <line>
      <![CDATA[Test Completed and Reports Generated]]>
    </line>
    <line>
      <![CDATA[Test is about to end]]>
    </line>
    <line>
      <![CDATA[Test Completed and Reports Generated]]>
    </line>
    <line>
      <![CDATA[Test is about to end]]>
    </line>
    <line>
      <![CDATA[Test Completed and Reports Generated]]>
    </line>
    <line>
      <![CDATA[Test is about to end]]>
    </line>
    <line>
      <![CDATA[Test Completed and Reports Generated]]>
    </line>
    <line>
      <![CDATA[Test is about to end]]>
    </line>
    <line>
      <![CDATA[Test Completed and Reports Generated]]>
    </line>
    <line>
      <![CDATA[Test is about to end]]>
    </line>
    <line>
      <![CDATA[Test Completed and Reports Generated]]>
    </line>
    <line>
      <![CDATA[Test is about to end]]>
    </line>
    <line>
      <![CDATA[Test Completed and Reports Generated]]>
    </line>
    <line>
      <![CDATA[Test is about to end]]>
    </line>
    <line>
      <![CDATA[Test Completed and Reports Generated]]>
    </line>
    <line>
      <![CDATA[Test is about to end]]>
    </line>
    <line>
      <![CDATA[Test Completed and Reports Generated]]>
    </line>
    <line>
      <![CDATA[Test is about to end]]>
    </line>
    <line>
      <![CDATA[Test Completed and Reports Generated]]>
    </line>
  </reporter-output>
  <suite started-at="2022-03-07T03:04:31 EST" name="Default suite" finished-at="2022-03-07T03:07:05 EST" duration-ms="154010">
    <groups>
    </groups>
    <test started-at="2022-03-07T03:04:31 EST" name="Default test" finished-at="2022-03-07T03:07:05 EST" duration-ms="154010">
      <class name="Test.Testcases">
        <test-method is-config="true" signature="setupsuite()[pri:0, instance:Test.Testcases@483f6d77]" started-at="2022-03-07T03:04:29 EST" name="setupsuite" finished-at="2022-03-07T03:04:31 EST" duration-ms="1663" status="PASS">
          <reporter-output>
            <line>
              <![CDATA[Setting up reports and Test is getting ready]]>
            </line>
            <line>
              <![CDATA[Setting done and Test can be started]]>
            </line>
          </reporter-output>
        </test-method> <!-- setupsuite -->
        <test-method is-config="true" signature="setuptest()[pri:0, instance:Test.Testcases@483f6d77]" started-at="2022-03-07T03:04:31 EST" name="setuptest" finished-at="2022-03-07T03:04:45 EST" duration-ms="14360" status="PASS">
          <reporter-output>
            <line>
              <![CDATA[Trying to start browser and getting application ready]]>
            </line>
            <line>
              <![CDATA[Browser and Appplication is up and running]]>
            </line>
          </reporter-output>
        </test-method> <!-- setuptest -->
        <test-method signature="loginwithInvalidEmail()[pri:0, instance:Test.Testcases@483f6d77]" started-at="2022-03-07T03:04:45 EST" name="loginwithInvalidEmail" finished-at="2022-03-07T03:04:49 EST" duration-ms="4128" status="PASS">
          <reporter-output>
          </reporter-output>
        </test-method> <!-- loginwithInvalidEmail -->
        <test-method is-config="true" signature="teardownMethod(org.testng.ITestResult)[pri:0, instance:Test.Testcases@483f6d77]" started-at="2022-03-07T03:04:49 EST" name="teardownMethod" finished-at="2022-03-07T03:04:51 EST" duration-ms="1051" status="PASS">
          <params>
            <param index="0">
              <value>
                <![CDATA[[TestResult name=loginwithInvalidEmail status=SUCCESS method=Testcases.loginwithInvalidEmail()[pri:0, instance:Test.Testcases@483f6d77] output={null}]]]>
              </value>
            </param>
          </params>
          <reporter-output>
            <line>
              <![CDATA[Test is about to end]]>
            </line>
            <line>
              <![CDATA[Test Completed and Reports Generated]]>
            </line>
          </reporter-output>
        </test-method> <!-- teardownMethod -->
        <test-method signature="loginwithInvalidPassword()[pri:1, instance:Test.Testcases@483f6d77]" started-at="2022-03-07T03:04:51 EST" name="loginwithInvalidPassword" finished-at="2022-03-07T03:04:51 EST" duration-ms="842" status="PASS">
          <reporter-output>
          </reporter-output>
        </test-method> <!-- loginwithInvalidPassword -->
        <test-method is-config="true" signature="teardownMethod(org.testng.ITestResult)[pri:0, instance:Test.Testcases@483f6d77]" started-at="2022-03-07T03:04:51 EST" name="teardownMethod" finished-at="2022-03-07T03:04:52 EST" duration-ms="242" status="PASS">
          <params>
            <param index="0">
              <value>
                <![CDATA[[TestResult name=loginwithInvalidPassword status=SUCCESS method=Testcases.loginwithInvalidPassword()[pri:1, instance:Test.Testcases@483f6d77] output={null}]]]>
              </value>
            </param>
          </params>
          <reporter-output>
            <line>
              <![CDATA[Test is about to end]]>
            </line>
            <line>
              <![CDATA[Test Completed and Reports Generated]]>
            </line>
          </reporter-output>
        </test-method> <!-- teardownMethod -->
        <test-method signature="loginwithEmptyFields()[pri:2, instance:Test.Testcases@483f6d77]" started-at="2022-03-07T03:04:52 EST" name="loginwithEmptyFields" finished-at="2022-03-07T03:04:55 EST" duration-ms="3509" status="PASS">
          <reporter-output>
          </reporter-output>
        </test-method> <!-- loginwithEmptyFields -->
        <test-method is-config="true" signature="teardownMethod(org.testng.ITestResult)[pri:0, instance:Test.Testcases@483f6d77]" started-at="2022-03-07T03:04:55 EST" name="teardownMethod" finished-at="2022-03-07T03:04:55 EST" duration-ms="218" status="PASS">
          <params>
            <param index="0">
              <value>
                <![CDATA[[TestResult name=loginwithEmptyFields status=SUCCESS method=Testcases.loginwithEmptyFields()[pri:2, instance:Test.Testcases@483f6d77] output={null}]]]>
              </value>
            </param>
          </params>
          <reporter-output>
            <line>
              <![CDATA[Test is about to end]]>
            </line>
            <line>
              <![CDATA[Test Completed and Reports Generated]]>
            </line>
          </reporter-output>
        </test-method> <!-- teardownMethod -->
        <test-method signature="trytologin()[pri:2, instance:Test.Testcases@483f6d77]" started-at="2022-03-07T03:04:55 EST" name="trytologin" finished-at="2022-03-07T03:06:26 EST" duration-ms="90877" status="PASS">
          <reporter-output>
          </reporter-output>
        </test-method> <!-- trytologin -->
        <test-method is-config="true" signature="teardownMethod(org.testng.ITestResult)[pri:0, instance:Test.Testcases@483f6d77]" started-at="2022-03-07T03:06:26 EST" name="teardownMethod" finished-at="2022-03-07T03:06:27 EST" duration-ms="321" status="PASS">
          <params>
            <param index="0">
              <value>
                <![CDATA[[TestResult name=trytologin status=SUCCESS method=Testcases.trytologin()[pri:2, instance:Test.Testcases@483f6d77] output={null}]]]>
              </value>
            </param>
          </params>
          <reporter-output>
            <line>
              <![CDATA[Test is about to end]]>
            </line>
            <line>
              <![CDATA[Test Completed and Reports Generated]]>
            </line>
          </reporter-output>
        </test-method> <!-- teardownMethod -->
        <test-method signature="loginwithValidData()[pri:3, instance:Test.Testcases@483f6d77]" started-at="2022-03-07T03:06:27 EST" name="loginwithValidData" finished-at="2022-03-07T03:06:32 EST" duration-ms="5164" status="PASS">
          <reporter-output>
          </reporter-output>
        </test-method> <!-- loginwithValidData -->
        <test-method is-config="true" signature="teardownMethod(org.testng.ITestResult)[pri:0, instance:Test.Testcases@483f6d77]" started-at="2022-03-07T03:06:32 EST" name="teardownMethod" finished-at="2022-03-07T03:06:32 EST" duration-ms="188" status="PASS">
          <params>
            <param index="0">
              <value>
                <![CDATA[[TestResult name=loginwithValidData status=SUCCESS method=Testcases.loginwithValidData()[pri:3, instance:Test.Testcases@483f6d77] output={null}]]]>
              </value>
            </param>
          </params>
          <reporter-output>
            <line>
              <![CDATA[Test is about to end]]>
            </line>
            <line>
              <![CDATA[Test Completed and Reports Generated]]>
            </line>
          </reporter-output>
        </test-method> <!-- teardownMethod -->
        <test-method signature="securitycode()[pri:4, instance:Test.Testcases@483f6d77]" started-at="2022-03-07T03:06:32 EST" name="securitycode" finished-at="2022-03-07T03:06:42 EST" duration-ms="9797" status="PASS">
          <reporter-output>
          </reporter-output>
        </test-method> <!-- securitycode -->
        <test-method is-config="true" signature="teardownMethod(org.testng.ITestResult)[pri:0, instance:Test.Testcases@483f6d77]" started-at="2022-03-07T03:06:42 EST" name="teardownMethod" finished-at="2022-03-07T03:06:42 EST" duration-ms="697" status="PASS">
          <params>
            <param index="0">
              <value>
                <![CDATA[[TestResult name=securitycode status=SUCCESS method=Testcases.securitycode()[pri:4, instance:Test.Testcases@483f6d77] output={null}]]]>
              </value>
            </param>
          </params>
          <reporter-output>
            <line>
              <![CDATA[Test is about to end]]>
            </line>
            <line>
              <![CDATA[Test Completed and Reports Generated]]>
            </line>
          </reporter-output>
        </test-method> <!-- teardownMethod -->
        <test-method signature="headerDropdown()[pri:5, instance:Test.Testcases@483f6d77]" started-at="2022-03-07T03:06:42 EST" name="headerDropdown" finished-at="2022-03-07T03:06:43 EST" duration-ms="296" status="PASS">
          <reporter-output>
          </reporter-output>
        </test-method> <!-- headerDropdown -->
        <test-method is-config="true" signature="teardownMethod(org.testng.ITestResult)[pri:0, instance:Test.Testcases@483f6d77]" started-at="2022-03-07T03:06:43 EST" name="teardownMethod" finished-at="2022-03-07T03:06:43 EST" duration-ms="234" status="PASS">
          <params>
            <param index="0">
              <value>
                <![CDATA[[TestResult name=headerDropdown status=SUCCESS method=Testcases.headerDropdown()[pri:5, instance:Test.Testcases@483f6d77] output={null}]]]>
              </value>
            </param>
          </params>
          <reporter-output>
            <line>
              <![CDATA[Test is about to end]]>
            </line>
            <line>
              <![CDATA[Test Completed and Reports Generated]]>
            </line>
          </reporter-output>
        </test-method> <!-- teardownMethod -->
        <test-method signature="profilemenuoption()[pri:6, instance:Test.Testcases@483f6d77]" started-at="2022-03-07T03:06:43 EST" name="profilemenuoption" finished-at="2022-03-07T03:06:43 EST" duration-ms="286" status="PASS">
          <reporter-output>
          </reporter-output>
        </test-method> <!-- profilemenuoption -->
        <test-method is-config="true" signature="teardownMethod(org.testng.ITestResult)[pri:0, instance:Test.Testcases@483f6d77]" started-at="2022-03-07T03:06:43 EST" name="teardownMethod" finished-at="2022-03-07T03:06:44 EST" duration-ms="388" status="PASS">
          <params>
            <param index="0">
              <value>
                <![CDATA[[TestResult name=profilemenuoption status=SUCCESS method=Testcases.profilemenuoption()[pri:6, instance:Test.Testcases@483f6d77] output={null}]]]>
              </value>
            </param>
          </params>
          <reporter-output>
            <line>
              <![CDATA[Test is about to end]]>
            </line>
            <line>
              <![CDATA[Test Completed and Reports Generated]]>
            </line>
          </reporter-output>
        </test-method> <!-- teardownMethod -->
        <test-method signature="navigatetoeditprofilesteps()[pri:7, instance:Test.Testcases@483f6d77]" started-at="2022-03-07T03:06:44 EST" name="navigatetoeditprofilesteps" finished-at="2022-03-07T03:06:51 EST" duration-ms="7583" status="PASS">
          <reporter-output>
          </reporter-output>
        </test-method> <!-- navigatetoeditprofilesteps -->
        <test-method is-config="true" signature="teardownMethod(org.testng.ITestResult)[pri:0, instance:Test.Testcases@483f6d77]" started-at="2022-03-07T03:06:51 EST" name="teardownMethod" finished-at="2022-03-07T03:06:51 EST" duration-ms="268" status="PASS">
          <params>
            <param index="0">
              <value>
                <![CDATA[[TestResult name=navigatetoeditprofilesteps status=SUCCESS method=Testcases.navigatetoeditprofilesteps()[pri:7, instance:Test.Testcases@483f6d77] output={null}]]]>
              </value>
            </param>
          </params>
          <reporter-output>
            <line>
              <![CDATA[Test is about to end]]>
            </line>
            <line>
              <![CDATA[Test Completed and Reports Generated]]>
            </line>
          </reporter-output>
        </test-method> <!-- teardownMethod -->
        <test-method signature="uploadimage()[pri:8, instance:Test.Testcases@483f6d77]" started-at="2022-03-07T03:06:51 EST" name="uploadimage" finished-at="2022-03-07T03:07:04 EST" duration-ms="12370" status="PASS">
          <reporter-output>
          </reporter-output>
        </test-method> <!-- uploadimage -->
        <test-method is-config="true" signature="teardownMethod(org.testng.ITestResult)[pri:0, instance:Test.Testcases@483f6d77]" started-at="2022-03-07T03:07:04 EST" name="teardownMethod" finished-at="2022-03-07T03:07:04 EST" duration-ms="241" status="PASS">
          <params>
            <param index="0">
              <value>
                <![CDATA[[TestResult name=uploadimage status=SUCCESS method=Testcases.uploadimage()[pri:8, instance:Test.Testcases@483f6d77] output={null}]]]>
              </value>
            </param>
          </params>
          <reporter-output>
            <line>
              <![CDATA[Test is about to end]]>
            </line>
            <line>
              <![CDATA[Test Completed and Reports Generated]]>
            </line>
          </reporter-output>
        </test-method> <!-- teardownMethod -->
        <test-method is-config="true" signature="teardowntest()[pri:0, instance:Test.Testcases@483f6d77]" started-at="2022-03-07T03:07:04 EST" name="teardowntest" finished-at="2022-03-07T03:07:05 EST" duration-ms="861" status="PASS">
          <reporter-output>
          </reporter-output>
        </test-method> <!-- teardowntest -->
      </class> <!-- Test.Testcases -->
    </test> <!-- Default test -->
  </suite> <!-- Default suite -->
</testng-results>
