<?xml version="1.0" encoding="UTF-8"?>
<!-- Generated by org.testng.reporters.JUnitXMLReporter -->
<testsuite ignored="0" hostname="DESKTOP-CINE6FF" failures="0" tests="10" name="Default test" time="154.01" errors="0" timestamp="2022-03-07T03:07:05 EST">
  <testcase classname="Test.Testcases" name="loginwithInvalidEmail" time="4.128"/>
  <testcase classname="Test.Testcases" name="loginwithInvalidPassword" time="0.842"/>
  <testcase classname="Test.Testcases" name="loginwithEmptyFields" time="3.509"/>
  <testcase classname="Test.Testcases" name="trytologin" time="90.877"/>
  <testcase classname="Test.Testcases" name="loginwithValidData" time="5.164"/>
  <testcase classname="Test.Testcases" name="securitycode" time="9.797"/>
  <testcase classname="Test.Testcases" name="headerDropdown" time="0.296"/>
  <testcase classname="Test.Testcases" name="profilemenuoption" time="0.286"/>
  <testcase classname="Test.Testcases" name="navigatetoeditprofilesteps" time="7.583"/>
  <testcase classname="Test.Testcases" name="uploadimage" time="12.37"/>
</testsuite> <!-- Default test -->
